<?xml version="1.0" encoding="UTF-8"?>
<!-- Generated by org.testng.reporters.JUnitReportReporter -->
<testsuite hostname="DESKTOP-U1U7H89" failures="0" tests="1" name="com.Ratioform.Testcases.NavigationTest" time="10.806" errors="0" timestamp="17 Mar 2021 09:37:46 GMT">
  <testcase classname="com.Ratioform.Testcases.NavigationTest" name="verifyLogin" time="10.806"/>
</testsuite> <!-- com.Ratioform.Testcases.NavigationTest -->
