<?xml version="1.0" encoding="UTF-8"?>
<!-- Generated by org.testng.reporters.JUnitReportReporter -->
<testsuite hostname="DESKTOP-U1U7H89" failures="0" tests="1" name="com.Ratioform.Testcases.TC_SearchTest_01" time="13.675" errors="0" timestamp="2021-05-18T14:59:40 CEST" skipped="0">
  <testcase classname="com.Ratioform.Testcases.TC_SearchTest_01" name="verifySearch" time="13.675"/>
  <system-out/>
</testsuite> <!-- com.Ratioform.Testcases.TC_SearchTest_01 -->
