<?xml version="1.0" encoding="UTF-8"?>
<!-- Generated by org.testng.reporters.JUnitReportReporter -->
<testsuite hostname="DESKTOP-U1U7H89" failures="0" tests="1" name="com.Ratioform.Testcases.TC_SearchTest_06" time="15.336" errors="0" timestamp="2021-03-17T09:54:55 CET" skipped="0">
  <testcase classname="com.Ratioform.Testcases.TC_SearchTest_06" name="verifySearch" time="15.336"/>
  <system-out/>
</testsuite> <!-- com.Ratioform.Testcases.TC_SearchTest_06 -->
