<?xml version="1.0" encoding="UTF-8"?>
<!-- Generated by org.testng.reporters.JUnitReportReporter -->
<testsuite hostname="DESKTOP-U1U7H89" failures="0" tests="1" name="com.Innosabispark.Testcases.TC_Login_05" time="24.645" errors="0" timestamp="2021-05-20T21:48:09 CEST" skipped="0">
  <testcase classname="com.Innosabispark.Testcases.TC_Login_05" name="verifyLogin_03" time="24.645"/>
  <system-out/>
</testsuite> <!-- com.Innosabispark.Testcases.TC_Login_05 -->
