<?xml version="1.0" encoding="UTF-8"?>
<!-- Generated by org.testng.reporters.JUnitReportReporter -->
<testsuite hostname="DESKTOP-U1U7H89" failures="0" tests="1" name="com.Innosabispark.Testcases.TC_Comment_01" time="47.130" errors="0" timestamp="2021-05-21T16:16:47 CEST" skipped="0">
  <testcase classname="com.Innosabispark.Testcases.TC_Comment_01" name="verifySubmitIdea" time="47.130"/>
  <system-out/>
</testsuite> <!-- com.Innosabispark.Testcases.TC_Comment_01 -->
