<?xml version="1.0" encoding="UTF-8"?>
<!-- Generated by org.testng.reporters.JUnitReportReporter -->
<testsuite hostname="DESKTOP-U1U7H89" failures="0" tests="1" name="com.Innosabispark.Testcases.TC_Login_02" time="16.405" errors="0" timestamp="2021-05-21T16:22:56 CEST" skipped="0">
  <testcase classname="com.Innosabispark.Testcases.TC_Login_02" name="verifyLogin_02" time="16.405"/>
  <system-out/>
</testsuite> <!-- com.Innosabispark.Testcases.TC_Login_02 -->
