<?xml version="1.0" encoding="UTF-8"?>
<!-- Generated by org.testng.reporters.JUnitReportReporter -->
<testsuite hostname="DESKTOP-U1U7H89" failures="0" tests="1" name="com.Ratioform.Testcases.TC_SearchTest_04" time="18.576" errors="0" timestamp="2021-03-17T11:01:18 CET" skipped="0">
  <testcase classname="com.Ratioform.Testcases.TC_SearchTest_04" name="verifySearch" time="18.576"/>
  <system-out/>
</testsuite> <!-- com.Ratioform.Testcases.TC_SearchTest_04 -->
