<?xml version="1.0" encoding="UTF-8"?>
<!-- Generated by org.testng.reporters.JUnitReportReporter -->
<testsuite hostname="DESKTOP-U1U7H89" failures="0" tests="1" name="com.Innosabispark.Testcases.TC_Login_01" time="12.450" errors="0" timestamp="2021-05-21T16:22:11 CEST" skipped="0">
  <testcase classname="com.Innosabispark.Testcases.TC_Login_01" name="verifyLogin_01" time="12.450"/>
  <system-out/>
</testsuite> <!-- com.Innosabispark.Testcases.TC_Login_01 -->
