<?xml version="1.0" encoding="UTF-8"?>
<!-- Generated by org.testng.reporters.JUnitReportReporter -->
<testsuite hostname="DESKTOP-U1U7H89" failures="0" tests="1" name="com.Innosabispark.Testcases.TC_Login_03" time="14.612" errors="0" timestamp="2021-05-20T13:46:24 CEST" skipped="0">
  <testcase classname="com.Innosabispark.Testcases.TC_Login_03" name="verifyLogin_03" time="14.612"/>
  <system-out/>
</testsuite> <!-- com.Innosabispark.Testcases.TC_Login_03 -->
