<?xml version="1.0" encoding="UTF-8"?>
<!-- Generated by org.testng.reporters.JUnitReportReporter -->
<testsuite hostname="DESKTOP-U1U7H89" failures="0" tests="1" name="com.Ratioform.Testcases.TC_SearchTest_02" time="18.492" errors="0" timestamp="2021-03-22T18:33:26 CET" skipped="0">
  <testcase classname="com.Ratioform.Testcases.TC_SearchTest_02" name="verifySearch" time="18.492"/>
  <system-out/>
</testsuite> <!-- com.Ratioform.Testcases.TC_SearchTest_02 -->
