<?xml version="1.0" encoding="UTF-8"?>
<!-- Generated by org.testng.reporters.JUnitReportReporter -->
<testsuite hostname="DESKTOP-U1U7H89" failures="0" tests="1" name="com.Ratioform.Testcases.TC_SearchTest_03" time="24.449" errors="0" timestamp="2021-03-23T10:18:43 CET" skipped="0">
  <testcase classname="com.Ratioform.Testcases.TC_SearchTest_03" name="verifySearch" time="24.449"/>
  <system-out/>
</testsuite> <!-- com.Ratioform.Testcases.TC_SearchTest_03 -->
