<?xml version="1.0" encoding="UTF-8"?>
<!-- Generated by org.testng.reporters.JUnitReportReporter -->
<testsuite hostname="DESKTOP-U1U7H89" failures="0" tests="1" name="com.Ratioform.Testcases.ProductTest" time="29.746" errors="0" timestamp="6 Mar 2021 23:07:35 GMT">
  <testcase classname="com.Ratioform.Testcases.ProductTest" name="verifyProduct" time="29.746"/>
</testsuite> <!-- com.Ratioform.Testcases.ProductTest -->
