<?xml version="1.0" encoding="UTF-8"?>
<!-- Generated by org.testng.reporters.JUnitReportReporter -->
<testsuite hostname="DESKTOP-U1U7H89" failures="0" tests="1" name="com.Ratioform.Testcases.TC_SearchTest02" time="19.505" errors="0" timestamp="7 Mar 2021 18:49:59 GMT">
  <testcase classname="com.Ratioform.Testcases.TC_SearchTest02" name="verifySearch" time="19.505"/>
</testsuite> <!-- com.Ratioform.Testcases.TC_SearchTest02 -->
