<?xml version="1.0" encoding="UTF-8"?>
<!-- Generated by org.testng.reporters.JUnitReportReporter -->
<testsuite hostname="DESKTOP-U1U7H89" failures="0" tests="1" name="com.Ratioform.Testcases.NavigationTest" time="18.165" errors="0" timestamp="2021-03-08T13:21:48 CET" skipped="0">
  <testcase classname="com.Ratioform.Testcases.NavigationTest" name="verifyLogin" time="18.165"/>
  <system-out/>
</testsuite> <!-- com.Ratioform.Testcases.NavigationTest -->
