<?xml version="1.0" encoding="UTF-8"?>
<!-- Generated by org.testng.reporters.JUnitReportReporter -->
<testsuite hostname="DESKTOP-U1U7H89" failures="0" tests="1" name="com.Ratioform.Testcases.TC_SearchTest_02" time="20.636" errors="0" timestamp="2021-03-08T14:14:22 CET" skipped="0">
  <testcase classname="com.Ratioform.Testcases.TC_SearchTest_02" name="verifySearch" time="20.636"/>
  <system-out/>
</testsuite> <!-- com.Ratioform.Testcases.TC_SearchTest_02 -->
