<?xml version="1.0" encoding="UTF-8"?>
<!-- Generated by org.testng.reporters.JUnitReportReporter -->
<testsuite hostname="DESKTOP-U1U7H89" failures="0" tests="1" name="com.Ratioform.Testcases.TC_SearchTest_05" time="16.247" errors="0" timestamp="2021-03-08T14:17:50 CET" skipped="0">
  <testcase classname="com.Ratioform.Testcases.TC_SearchTest_05" name="verifySearch" time="16.247"/>
  <system-out/>
</testsuite> <!-- com.Ratioform.Testcases.TC_SearchTest_05 -->
